2023-08-20 14:32:52,339 - main.py - INFO - 执行任务开始...
2023-08-20 14:32:57,033 - JiraTool.py - WARNING - [SS-79122] comment长度为0，需要添加comment
2023-08-20 14:32:58,677 - JiraTool.py - INFO - [SS-79122] 已完成添加comment
2023-08-20 14:32:59,581 - JiraTool.py - WARNING - [SS-79121] comment长度为0，需要添加comment
2023-08-20 14:33:00,971 - JiraTool.py - INFO - [SS-79121] 已完成添加comment
2023-08-20 14:33:02,052 - JiraTool.py - WARNING - [SS-79120] comment长度为0，需要添加comment
2023-08-20 14:33:03,820 - JiraTool.py - INFO - [SS-79120] 已完成添加comment
2023-08-20 14:33:04,786 - JiraTool.py - WARNING - [SS-79119] comment长度为0，需要添加comment
2023-08-20 14:33:06,662 - JiraTool.py - INFO - [SS-79119] 已完成添加comment
2023-08-20 14:33:07,774 - JiraTool.py - WARNING - [SS-79101] comment长度为0，需要添加comment
2023-08-20 14:33:09,210 - JiraTool.py - INFO - [SS-79101] 已完成添加comment
2023-08-20 14:33:10,271 - JiraTool.py - INFO - [SS-79048] comment长度大于1，已经回复，不需要添加comment
2023-08-20 14:33:11,301 - JiraTool.py - INFO - [SS-79002] comment长度大于1，已经回复，不需要添加comment
2023-08-20 14:33:12,307 - JiraTool.py - INFO - [SS-78989] comment长度大于1，已经回复，不需要添加comment
2023-08-20 14:33:13,223 - JiraTool.py - INFO - [SS-78988] comment长度大于1，已经回复，不需要添加comment
2023-08-20 14:33:14,244 - JiraTool.py - INFO - [SS-78986] comment长度大于1，已经回复，不需要添加comment
2023-08-20 14:33:15,256 - JiraTool.py - INFO - [SS-78965] comment长度大于1，已经回复，不需要添加comment
2023-08-20 14:33:16,394 - JiraTool.py - INFO - [SS-78801] comment长度大于1，已经回复，不需要添加comment
2023-08-20 14:33:17,335 - JiraTool.py - INFO - [SS-77027] comment长度大于1，已经回复，不需要添加comment
2023-08-20 14:33:17,335 - main.py - INFO - 执行任务结束...
