2023-08-17 16:04:40,635 - main.py - INFO - 执行任务开始...
2023-08-17 16:04:45,761 - JiraTool.py - INFO - [SS-78761] comment长度大于1，已经回复，不需要添加comment
2023-08-17 16:04:46,820 - JiraTool.py - INFO - [SS-78754] comment长度大于1，已经回复，不需要添加comment
2023-08-17 16:04:47,807 - JiraTool.py - INFO - [SS-78750] comment长度大于1，已经回复，不需要添加comment
2023-08-17 16:04:48,838 - JiraTool.py - INFO - [SS-78742] comment作者是[Xu Xinkai]，已经回复，不需要添加comment
2023-08-17 16:04:49,822 - JiraTool.py - INFO - [SS-78735] comment作者是[Xu Xinkai]，已经回复，不需要添加comment
2023-08-17 16:04:50,800 - JiraTool.py - INFO - [SS-78732] comment作者是[Xu Xinkai]，已经回复，不需要添加comment
2023-08-17 16:04:51,884 - JiraTool.py - WARNING - [SS-78673] comment长度为1，但是Reporter是Admin，需要添加comment
2023-08-17 16:04:51,884 - JiraTool.py - INFO - [SS-78673] 已完成添加comment
2023-08-17 16:04:52,918 - JiraTool.py - WARNING - [SS-78656] comment长度为1，但是Reporter是Admin，需要添加comment
2023-08-17 16:04:52,918 - JiraTool.py - INFO - [SS-78656] 已完成添加comment
2023-08-17 16:04:53,927 - JiraTool.py - WARNING - [SS-78642] comment长度为1，但是Reporter是Admin，需要添加comment
2023-08-17 16:04:53,927 - JiraTool.py - INFO - [SS-78642] 已完成添加comment
2023-08-17 16:04:54,822 - JiraTool.py - INFO - [SS-78635] comment作者是[Xu Xinkai]，已经回复，不需要添加comment
2023-08-17 16:04:55,791 - JiraTool.py - INFO - [SS-78633] comment作者是[Xu Xinkai]，已经回复，不需要添加comment
2023-08-17 16:04:56,744 - JiraTool.py - WARNING - [SS-78629] comment长度为1，但是Reporter是Admin，需要添加comment
2023-08-17 16:04:56,744 - JiraTool.py - INFO - [SS-78629] 已完成添加comment
2023-08-17 16:04:57,644 - JiraTool.py - WARNING - [SS-78628] comment长度为1，但是Reporter是Admin，需要添加comment
2023-08-17 16:04:57,644 - JiraTool.py - INFO - [SS-78628] 已完成添加comment
2023-08-17 16:04:58,732 - JiraTool.py - INFO - [SS-78595] comment长度大于1，已经回复，不需要添加comment
2023-08-17 16:04:59,775 - JiraTool.py - INFO - [SS-78517] comment作者是[Alam MdKourshed]，已经回复，不需要添加comment
2023-08-17 16:05:00,826 - JiraTool.py - INFO - [SS-78293] comment长度大于1，已经回复，不需要添加comment
2023-08-17 16:05:01,736 - JiraTool.py - INFO - [SS-77027] comment长度大于1，已经回复，不需要添加comment
2023-08-17 16:05:01,737 - main.py - INFO - 执行任务结束...
2023-08-17 16:29:30,705 - main.py - INFO - 执行任务开始...
2023-08-17 16:29:36,129 - JiraTool.py - WARNING - [SS-78801] comment长度为1，但是Reporter是Admin，需要添加comment
2023-08-17 16:29:37,992 - JiraTool.py - INFO - [SS-78801] 已完成添加comment
2023-08-17 16:29:38,948 - JiraTool.py - WARNING - [SS-78796] comment长度为1，但是Reporter是Admin，需要添加comment
2023-08-17 16:29:40,830 - JiraTool.py - INFO - [SS-78796] 已完成添加comment
2023-08-17 16:29:41,800 - JiraTool.py - INFO - [SS-78761] comment长度大于1，已经回复，不需要添加comment
2023-08-17 16:29:42,851 - JiraTool.py - INFO - [SS-78754] comment长度大于1，已经回复，不需要添加comment
2023-08-17 16:29:44,006 - JiraTool.py - INFO - [SS-78750] comment长度大于1，已经回复，不需要添加comment
2023-08-17 16:29:45,212 - JiraTool.py - INFO - [SS-78742] comment作者是[Xu Xinkai]，已经回复，不需要添加comment
2023-08-17 16:29:46,153 - JiraTool.py - INFO - [SS-78735] comment作者是[Xu Xinkai]，已经回复，不需要添加comment
2023-08-17 16:29:47,402 - JiraTool.py - INFO - [SS-78732] comment作者是[Xu Xinkai]，已经回复，不需要添加comment
2023-08-17 16:29:48,557 - JiraTool.py - WARNING - [SS-78673] comment长度为1，但是Reporter是Admin，需要添加comment
2023-08-17 16:29:50,215 - JiraTool.py - INFO - [SS-78673] 已完成添加comment
2023-08-17 16:29:51,557 - JiraTool.py - WARNING - [SS-78656] comment长度为1，但是Reporter是Admin，需要添加comment
2023-08-17 16:29:53,346 - JiraTool.py - INFO - [SS-78656] 已完成添加comment
2023-08-17 16:29:54,361 - JiraTool.py - WARNING - [SS-78642] comment长度为1，但是Reporter是Admin，需要添加comment
2023-08-17 16:29:56,149 - JiraTool.py - INFO - [SS-78642] 已完成添加comment
2023-08-17 16:29:57,122 - JiraTool.py - INFO - [SS-78637] comment长度大于1，已经回复，不需要添加comment
2023-08-17 16:29:58,270 - JiraTool.py - INFO - [SS-78633] comment作者是[Xu Xinkai]，已经回复，不需要添加comment
2023-08-17 16:29:59,313 - JiraTool.py - WARNING - [SS-78629] comment长度为1，但是Reporter是Admin，需要添加comment
2023-08-17 16:30:00,999 - JiraTool.py - INFO - [SS-78629] 已完成添加comment
2023-08-17 16:30:02,134 - JiraTool.py - INFO - [SS-78595] comment长度大于1，已经回复，不需要添加comment
2023-08-17 16:30:03,075 - JiraTool.py - INFO - [SS-78517] comment作者是[Alam MdKourshed]，已经回复，不需要添加comment
2023-08-17 16:30:04,135 - JiraTool.py - INFO - [SS-78293] comment长度大于1，已经回复，不需要添加comment
2023-08-17 16:30:05,285 - JiraTool.py - INFO - [SS-77027] comment长度大于1，已经回复，不需要添加comment
2023-08-17 16:30:05,285 - main.py - INFO - 执行任务结束...
