2023-08-01 19:12:34,997 - main.py - INFO - 线程名称=Thread-2,
正在执行的线程列表:[<_MainThread(MainThread, stopped 8667320960)>, <Timer(Thread-1, started 13059969024)>],
正在执行的线程数量=2,
当前激活线程=<bound method Thread.is_alive of <Timer(Thread-2, initial)>>

2023-08-01 19:12:54,483 - main.py - INFO - 执行任务中...
2023-08-01 19:12:54,484 - main.py - INFO - 线程名称=Thread-2,
正在执行的线程列表:[<_MainThread(MainThread, stopped 8669725312)>, <Timer(Thread-1, started 13062971392)>],
正在执行的线程数量=2,
当前激活线程=<bound method Thread.is_alive of <Timer(Thread-2, initial)>>

2023-08-01 19:13:04,488 - main.py - INFO - 执行任务中...
2023-08-01 19:13:04,488 - main.py - INFO - 线程名称=Thread-3,
正在执行的线程列表:[<_MainThread(MainThread, stopped 8669725312)>, <Timer(Thread-2, started 13068226560)>],
正在执行的线程数量=2,
当前激活线程=<bound method Thread.is_alive of <Timer(Thread-3, initial)>>

2023-08-01 19:13:14,493 - main.py - INFO - 执行任务中...
2023-08-01 19:13:14,493 - main.py - INFO - 线程名称=Thread-4,
正在执行的线程列表:[<_MainThread(MainThread, stopped 8669725312)>, <Timer(Thread-3, started 13062971392)>],
正在执行的线程数量=2,
当前激活线程=<bound method Thread.is_alive of <Timer(Thread-4, initial)>>

2023-08-01 19:13:24,498 - main.py - INFO - 执行任务中...
2023-08-01 19:13:24,499 - main.py - INFO - 线程名称=Thread-5,
正在执行的线程列表:[<_MainThread(MainThread, stopped 8669725312)>, <Timer(Thread-4, started 13068226560)>],
正在执行的线程数量=2,
当前激活线程=<bound method Thread.is_alive of <Timer(Thread-5, initial)>>

2023-08-01 19:14:26,369 - main.py - INFO - 执行任务开始...
2023-08-01 19:14:26,370 - main.py - INFO - 执行任务结束...
2023-08-01 19:14:36,376 - main.py - INFO - 执行任务开始...
2023-08-01 19:14:36,377 - main.py - INFO - 执行任务结束...
2023-08-01 19:14:46,379 - main.py - INFO - 执行任务开始...
2023-08-01 19:14:46,380 - main.py - INFO - 执行任务结束...
2023-08-01 19:16:25,685 - main.py - INFO - 执行任务开始...
2023-08-01 19:16:25,685 - main.py - INFO - 执行任务结束...
2023-08-01 19:16:35,691 - main.py - INFO - 执行任务开始...
2023-08-01 19:16:35,693 - main.py - INFO - 执行任务结束...
2023-08-01 19:16:45,699 - main.py - INFO - 执行任务开始...
2023-08-01 19:16:45,700 - main.py - INFO - 执行任务结束...
2023-08-01 19:17:15,580 - main.py - INFO - 执行任务开始...
2023-08-01 19:17:15,581 - main.py - INFO - 执行任务结束...
2023-08-01 19:18:15,587 - main.py - INFO - 执行任务开始...
2023-08-01 19:18:15,589 - main.py - INFO - 执行任务结束...
2023-08-01 19:19:17,049 - main.py - INFO - 执行任务开始...
2023-08-01 19:19:21,876 - JiraTool.py - WARNING - [SS-76437] comment长度为1，但是Reporter是Admin，需要添加comment
2023-08-01 19:19:21,876 - JiraTool.py - INFO - [SS-76437] 已完成添加comment
2023-08-01 19:19:23,003 - JiraTool.py - INFO - [SS-76431] comment作者是[Xu Xinkai]，已经回复，不需要添加comment
2023-08-01 19:19:24,028 - JiraTool.py - INFO - [SS-76414] comment长度大于1，已经回复，不需要添加comment
2023-08-01 19:19:25,053 - JiraTool.py - INFO - [SS-76232] comment长度大于1，已经回复，不需要添加comment
2023-08-01 19:19:25,983 - JiraTool.py - INFO - [SS-76222] comment长度大于1，已经回复，不需要添加comment
2023-08-01 19:19:26,999 - JiraTool.py - INFO - [SS-76151] comment长度大于1，已经回复，不需要添加comment
2023-08-01 19:19:27,947 - JiraTool.py - INFO - [SS-76138] comment长度大于1，已经回复，不需要添加comment
2023-08-01 19:19:28,943 - JiraTool.py - INFO - [SS-75472] comment长度大于1，已经回复，不需要添加comment
2023-08-01 19:19:28,944 - main.py - INFO - 执行任务结束...
2023-08-01 19:19:58,950 - main.py - INFO - 执行任务开始...
2023-08-01 19:20:04,467 - JiraTool.py - WARNING - [SS-76437] comment长度为1，但是Reporter是Admin，需要添加comment
2023-08-01 19:20:04,467 - JiraTool.py - INFO - [SS-76437] 已完成添加comment
2023-08-01 19:20:05,599 - JiraTool.py - INFO - [SS-76431] comment作者是[Xu Xinkai]，已经回复，不需要添加comment
2023-08-01 19:20:06,456 - JiraTool.py - INFO - [SS-76414] comment长度大于1，已经回复，不需要添加comment
2023-08-01 19:20:07,405 - JiraTool.py - INFO - [SS-76232] comment长度大于1，已经回复，不需要添加comment
2023-08-01 19:20:08,470 - JiraTool.py - INFO - [SS-76222] comment长度大于1，已经回复，不需要添加comment
2023-08-01 19:20:09,495 - JiraTool.py - INFO - [SS-76151] comment长度大于1，已经回复，不需要添加comment
2023-08-01 19:20:10,524 - JiraTool.py - INFO - [SS-76138] comment长度大于1，已经回复，不需要添加comment
2023-08-01 19:20:11,850 - JiraTool.py - INFO - [SS-75472] comment长度大于1，已经回复，不需要添加comment
2023-08-01 19:20:11,850 - main.py - INFO - 执行任务结束...
2023-08-01 19:21:26,285 - main.py - INFO - 执行任务开始...
2023-08-01 19:21:26,285 - main.py - INFO - 执行任务结束...
2023-08-01 19:23:05,572 - main.py - INFO - 执行任务开始...
2023-08-01 19:23:05,572 - main.py - INFO - 执行任务结束...
2023-08-01 19:29:23,741 - main.py - INFO - 执行任务开始...
2023-08-01 19:29:23,742 - main.py - INFO - 执行任务结束...
2023-08-01 19:29:53,743 - main.py - INFO - 执行任务开始...
2023-08-01 19:29:53,744 - main.py - INFO - 执行任务结束...
