2023-08-01 18:35:18,537 - JiraTool.py - INFO - [SS-76437] comment长度为1，但是Reporter是Admin，需要添加comment
2023-08-01 18:35:18,537 - JiraTool.py - INFO - [SS-76437] 已完成添加comment
2023-08-01 18:35:19,468 - JiraTool.py - INFO - [SS-76431] comment长度为0，需要添加comment
2023-08-01 18:35:19,468 - JiraTool.py - INFO - [SS-76431] 已完成添加comment
2023-08-01 18:35:20,430 - JiraTool.py - INFO - [SS-76414] comment长度大于1，已经回复，不需要添加comment
2023-08-01 18:35:21,416 - JiraTool.py - INFO - [SS-76232] comment长度大于1，已经回复，不需要添加comment
2023-08-01 18:35:22,335 - JiraTool.py - INFO - [SS-76222] comment长度大于1，已经回复，不需要添加comment
2023-08-01 18:35:23,259 - JiraTool.py - INFO - [SS-76151] comment长度大于1，已经回复，不需要添加comment
2023-08-01 18:35:24,167 - JiraTool.py - INFO - [SS-76138] comment长度大于1，已经回复，不需要添加comment
2023-08-01 18:35:25,067 - JiraTool.py - INFO - [SS-75472] comment长度大于1，已经回复，不需要添加comment
2023-08-01 18:36:21,009 - JiraTool.py - INFO - [SS-76437] comment长度为1，但是Reporter是Admin，需要添加comment
2023-08-01 18:36:21,010 - JiraTool.py - INFO - [SS-76437] 已完成添加comment
2023-08-01 18:36:21,930 - JiraTool.py - INFO - [SS-76431] comment长度为0，需要添加comment
2023-08-01 18:36:21,930 - JiraTool.py - INFO - [SS-76431] 已完成添加comment
2023-08-01 18:36:22,853 - JiraTool.py - INFO - [SS-76414] comment长度大于1，已经回复，不需要添加comment
2023-08-01 18:36:23,977 - JiraTool.py - INFO - [SS-76232] comment长度大于1，已经回复，不需要添加comment
2023-08-01 18:36:24,960 - JiraTool.py - INFO - [SS-76222] comment长度大于1，已经回复，不需要添加comment
2023-08-01 18:36:26,019 - JiraTool.py - INFO - [SS-76151] comment长度大于1，已经回复，不需要添加comment
2023-08-01 18:36:26,952 - JiraTool.py - INFO - [SS-76138] comment长度大于1，已经回复，不需要添加comment
2023-08-01 18:36:27,901 - JiraTool.py - INFO - [SS-75472] comment长度大于1，已经回复，不需要添加comment
2023-08-01 18:39:05,589 - JiraTool.py - INFO - [SS-76437] comment长度为1，但是Reporter是Admin，需要添加comment
2023-08-01 18:39:05,590 - JiraTool.py - INFO - [SS-76437] 已完成添加comment
2023-08-01 18:39:06,537 - JiraTool.py - INFO - [SS-76431] comment长度为0，需要添加comment
2023-08-01 18:39:06,537 - JiraTool.py - INFO - [SS-76431] 已完成添加comment
2023-08-01 18:39:07,471 - JiraTool.py - INFO - [SS-76414] comment长度大于1，已经回复，不需要添加comment
2023-08-01 18:39:08,435 - JiraTool.py - INFO - [SS-76232] comment长度大于1，已经回复，不需要添加comment
2023-08-01 18:39:09,222 - JiraTool.py - INFO - [SS-76222] comment长度大于1，已经回复，不需要添加comment
2023-08-01 18:39:10,178 - JiraTool.py - INFO - [SS-76151] comment长度大于1，已经回复，不需要添加comment
2023-08-01 18:39:11,121 - JiraTool.py - INFO - [SS-76138] comment长度大于1，已经回复，不需要添加comment
2023-08-01 18:39:12,020 - JiraTool.py - INFO - [SS-75472] comment长度大于1，已经回复，不需要添加comment
2023-08-01 18:44:52,894 - JiraTool.py - INFO - [SS-76437] comment长度为1，但是Reporter是Admin，需要添加comment
2023-08-01 18:44:52,895 - JiraTool.py - INFO - [SS-76437] 已完成添加comment
2023-08-01 18:44:53,934 - JiraTool.py - INFO - [SS-76431] comment长度为0，需要添加comment
2023-08-01 18:44:53,934 - JiraTool.py - INFO - [SS-76431] 已完成添加comment
2023-08-01 18:44:54,861 - JiraTool.py - INFO - [SS-76414] comment长度大于1，已经回复，不需要添加comment
2023-08-01 18:44:55,881 - JiraTool.py - INFO - [SS-76232] comment长度大于1，已经回复，不需要添加comment
2023-08-01 18:44:56,801 - JiraTool.py - INFO - [SS-76222] comment长度大于1，已经回复，不需要添加comment
2023-08-01 18:44:57,824 - JiraTool.py - INFO - [SS-76151] comment长度大于1，已经回复，不需要添加comment
2023-08-01 18:44:58,851 - JiraTool.py - INFO - [SS-76138] comment长度大于1，已经回复，不需要添加comment
2023-08-01 18:44:59,873 - JiraTool.py - INFO - [SS-75472] comment长度大于1，已经回复，不需要添加comment
2023-08-01 18:51:33,760 - JiraTool.py - INFO - [SS-76437] comment长度为1，但是Reporter是Admin，需要添加comment
2023-08-01 18:51:33,761 - JiraTool.py - INFO - [SS-76437] 已完成添加comment
2023-08-01 18:51:34,823 - JiraTool.py - INFO - [SS-76431] comment长度为0，需要添加comment
2023-08-01 18:51:34,823 - JiraTool.py - INFO - [SS-76431] 已完成添加comment
2023-08-01 18:51:35,754 - JiraTool.py - INFO - [SS-76414] comment长度大于1，已经回复，不需要添加comment
2023-08-01 18:51:36,775 - JiraTool.py - INFO - [SS-76232] comment长度大于1，已经回复，不需要添加comment
2023-08-01 18:51:37,699 - JiraTool.py - INFO - [SS-76222] comment长度大于1，已经回复，不需要添加comment
2023-08-01 18:51:38,812 - JiraTool.py - INFO - [SS-76151] comment长度大于1，已经回复，不需要添加comment
2023-08-01 18:51:39,756 - JiraTool.py - INFO - [SS-76138] comment长度大于1，已经回复，不需要添加comment
2023-08-01 18:51:40,818 - JiraTool.py - INFO - [SS-75472] comment长度大于1，已经回复，不需要添加comment
2023-08-01 18:53:31,258 - JiraTool.py - INFO - [SS-76437] comment长度为1，但是Reporter是Admin，需要添加comment
2023-08-01 18:53:31,258 - JiraTool.py - INFO - [SS-76437] 已完成添加comment
2023-08-01 18:53:32,284 - JiraTool.py - INFO - [SS-76431] comment作者是[Xu Xinkai]，已经回复，不需要添加comment
2023-08-01 18:53:33,236 - JiraTool.py - INFO - [SS-76414] comment长度大于1，已经回复，不需要添加comment
2023-08-01 18:53:34,169 - JiraTool.py - INFO - [SS-76232] comment长度大于1，已经回复，不需要添加comment
2023-08-01 18:53:35,026 - JiraTool.py - INFO - [SS-76222] comment长度大于1，已经回复，不需要添加comment
2023-08-01 18:53:35,967 - JiraTool.py - INFO - [SS-76151] comment长度大于1，已经回复，不需要添加comment
2023-08-01 18:53:37,000 - JiraTool.py - INFO - [SS-76138] comment长度大于1，已经回复，不需要添加comment
2023-08-01 18:53:37,939 - JiraTool.py - INFO - [SS-75472] comment长度大于1，已经回复，不需要添加comment
2023-08-01 18:54:26,760 - JiraTool.py - WARNING - [SS-76437] comment长度为1，但是Reporter是Admin，需要添加comment
2023-08-01 18:54:26,762 - JiraTool.py - INFO - [SS-76437] 已完成添加comment
2023-08-01 18:54:27,727 - JiraTool.py - INFO - [SS-76431] comment作者是[Xu Xinkai]，已经回复，不需要添加comment
2023-08-01 18:54:28,603 - JiraTool.py - INFO - [SS-76414] comment长度大于1，已经回复，不需要添加comment
2023-08-01 18:54:29,446 - JiraTool.py - INFO - [SS-76232] comment长度大于1，已经回复，不需要添加comment
2023-08-01 18:54:30,346 - JiraTool.py - INFO - [SS-76222] comment长度大于1，已经回复，不需要添加comment
2023-08-01 18:54:31,371 - JiraTool.py - INFO - [SS-76151] comment长度大于1，已经回复，不需要添加comment
2023-08-01 18:54:32,393 - JiraTool.py - INFO - [SS-76138] comment长度大于1，已经回复，不需要添加comment
2023-08-01 18:54:33,316 - JiraTool.py - INFO - [SS-75472] comment长度大于1，已经回复，不需要添加comment
