2023-08-01 20:46:22,607 - main.py - INFO - 执行任务开始...
2023-08-01 20:46:27,329 - JiraTool.py - WARNING - [SS-76437] comment长度为1，但是Reporter是Admin，需要添加comment
2023-08-01 20:46:27,329 - JiraTool.py - INFO - [SS-76437] 已完成添加comment
2023-08-01 20:46:28,347 - JiraTool.py - INFO - [SS-76431] comment作者是[Xu Xinkai]，已经回复，不需要添加comment
2023-08-01 20:46:29,375 - JiraTool.py - INFO - [SS-76414] comment长度大于1，已经回复，不需要添加comment
2023-08-01 20:46:30,295 - JiraTool.py - INFO - [SS-76232] comment长度大于1，已经回复，不需要添加comment
2023-08-01 20:46:31,199 - JiraTool.py - INFO - [SS-76222] comment长度大于1，已经回复，不需要添加comment
2023-08-01 20:46:32,037 - JiraTool.py - INFO - [SS-76151] comment长度大于1，已经回复，不需要添加comment
2023-08-01 20:46:33,053 - JiraTool.py - INFO - [SS-76138] comment长度大于1，已经回复，不需要添加comment
2023-08-01 20:46:34,085 - JiraTool.py - INFO - [SS-75472] comment长度大于1，已经回复，不需要添加comment
2023-08-01 20:46:34,086 - main.py - INFO - 执行任务结束...
2023-08-01 20:47:04,093 - main.py - INFO - 执行任务开始...
2023-08-01 20:47:09,774 - JiraTool.py - WARNING - [SS-76437] comment长度为1，但是Reporter是Admin，需要添加comment
2023-08-01 20:47:09,774 - JiraTool.py - INFO - [SS-76437] 已完成添加comment
2023-08-01 20:47:10,743 - JiraTool.py - INFO - [SS-76431] comment作者是[Xu Xinkai]，已经回复，不需要添加comment
2023-08-01 20:47:11,664 - JiraTool.py - INFO - [SS-76414] comment长度大于1，已经回复，不需要添加comment
2023-08-01 20:47:12,564 - JiraTool.py - INFO - [SS-76232] comment长度大于1，已经回复，不需要添加comment
2023-08-01 20:47:13,508 - JiraTool.py - INFO - [SS-76222] comment长度大于1，已经回复，不需要添加comment
2023-08-01 20:47:14,835 - JiraTool.py - INFO - [SS-76151] comment长度大于1，已经回复，不需要添加comment
2023-08-01 20:47:15,762 - JiraTool.py - INFO - [SS-76138] comment长度大于1，已经回复，不需要添加comment
2023-08-01 20:47:16,786 - JiraTool.py - INFO - [SS-75472] comment长度大于1，已经回复，不需要添加comment
2023-08-01 20:47:16,786 - main.py - INFO - 执行任务结束...
